

Started GET "/assets/rails.png" for 127.0.0.1 at 2015-03-13 16:33:48 -0700
Connecting to database specified by database.yml

ArgumentError (A secret is required to generate an integrity hash for cookie session data. Use config.secret_token = "some secret phrase of at least 30 characters"in config/initializers/secret_token.rb):
  actionpack (3.2.16) lib/action_dispatch/middleware/cookies.rb:319:in `ensure_secret_secure'
  actionpack (3.2.16) lib/action_dispatch/middleware/cookies.rb:284:in `initialize'
  actionpack (3.2.16) lib/action_dispatch/middleware/cookies.rb:231:in `new'
  actionpack (3.2.16) lib/action_dispatch/middleware/cookies.rb:231:in `signed'
  actionpack (3.2.16) lib/action_dispatch/middleware/session/cookie_store.rb:50:in `block in unpacked_cookie_data'
  actionpack (3.2.16) lib/action_dispatch/middleware/session/abstract_store.rb:57:in `stale_session_check!'
  actionpack (3.2.16) lib/action_dispatch/middleware/session/cookie_store.rb:48:in `unpacked_cookie_data'
  rack (1.4.5) lib/rack/session/cookie.rb:107:in `extract_session_id'
  actionpack (3.2.16) lib/action_dispatch/middleware/session/abstract_store.rb:53:in `block in extract_session_id'
  actionpack (3.2.16) lib/action_dispatch/middleware/session/abstract_store.rb:57:in `stale_session_check!'
  actionpack (3.2.16) lib/action_dispatch/middleware/session/abstract_store.rb:53:in `extract_session_id'
  rack (1.4.5) lib/rack/session/abstract/id.rb:43:in `load_session_id!'
  rack (1.4.5) lib/rack/session/abstract/id.rb:32:in `[]'
  rack (1.4.5) lib/rack/session/abstract/id.rb:267:in `current_session_id'
  rack (1.4.5) lib/rack/session/abstract/id.rb:273:in `session_exists?'
  rack (1.4.5) lib/rack/session/abstract/id.rb:107:in `exists?'
  rack (1.4.5) lib/rack/session/abstract/id.rb:127:in `load_for_read!'
  rack (1.4.5) lib/rack/session/abstract/id.rb:64:in `has_key?'
  actionpack (3.2.16) lib/action_dispatch/middleware/flash.rb:258:in `ensure in call'
  actionpack (3.2.16) lib/action_dispatch/middleware/flash.rb:259:in `call'
  rack (1.4.5) lib/rack/session/abstract/id.rb:210:in `context'
  rack (1.4.5) lib/rack/session/abstract/id.rb:205:in `call'
  actionpack (3.2.16) lib/action_dispatch/middleware/cookies.rb:341:in `call'
  activerecord (3.2.16) lib/active_record/query_cache.rb:64:in `call'
  activerecord (3.2.16) lib/active_record/connection_adapters/abstract/connection_pool.rb:479:in `call'
  actionpack (3.2.16) lib/action_dispatch/middleware/callbacks.rb:28:in `block in call'
  activesupport (3.2.16) lib/active_support/callbacks.rb:405:in `_run__3058240297111294938__call__4083722654113611716__callbacks'
  activesupport (3.2.16) lib/active_support/callbacks.rb:405:in `__run_callback'
  activesupport (3.2.16) lib/active_support/callbacks.rb:385:in `_run_call_callbacks'
  activesupport (3.2.16) lib/active_support/callbacks.rb:81:in `run_callbacks'
  actionpack (3.2.16) lib/action_dispatch/middleware/callbacks.rb:27:in `call'
  actionpack (3.2.16) lib/action_dispatch/middleware/reloader.rb:65:in `call'
  actionpack (3.2.16) lib/action_dispatch/middleware/remote_ip.rb:31:in `call'
  actionpack (3.2.16) lib/action_dispatch/middleware/debug_exceptions.rb:16:in `call'
  actionpack (3.2.16) lib/action_dispatch/middleware/show_exceptions.rb:56:in `call'
  railties (3.2.16) lib/rails/rack/logger.rb:32:in `call_app'
  railties (3.2.16) lib/rails/rack/logger.rb:16:in `block in call'
  activesupport (3.2.16) lib/active_support/tagged_logging.rb:22:in `tagged'
  railties (3.2.16) lib/rails/rack/logger.rb:16:in `call'
  actionpack (3.2.16) lib/action_dispatch/middleware/request_id.rb:22:in `call'
  rack (1.4.5) lib/rack/methodoverride.rb:21:in `call'
  rack (1.4.5) lib/rack/runtime.rb:17:in `call'
  activesupport (3.2.16) lib/active_support/cache/strategy/local_cache.rb:72:in `call'
  rack (1.4.5) lib/rack/lock.rb:15:in `call'
  actionpack (3.2.16) lib/action_dispatch/middleware/static.rb:63:in `call'
  railties (3.2.16) lib/rails/engine.rb:484:in `call'
  railties (3.2.16) lib/rails/application.rb:231:in `call'
  rack (1.4.5) lib/rack/content_length.rb:14:in `call'
  railties (3.2.16) lib/rails/rack/log_tailer.rb:17:in `call'
  rack (1.4.5) lib/rack/handler/webrick.rb:59:in `service'
  /Users/tomasero/.rvm/rubies/ruby-2.2.0/lib/ruby/2.2.0/webrick/httpserver.rb:138:in `service'
  /Users/tomasero/.rvm/rubies/ruby-2.2.0/lib/ruby/2.2.0/webrick/httpserver.rb:94:in `run'
  /Users/tomasero/.rvm/rubies/ruby-2.2.0/lib/ruby/2.2.0/webrick/server.rb:294:in `block in start_thread'


  Rendered /Users/tomasero/.rvm/gems/ruby-2.2.0/gems/actionpack-3.2.16/lib/action_dispatch/middleware/templates/rescues/_trace.erb (1.0ms)
  Rendered /Users/tomasero/.rvm/gems/ruby-2.2.0/gems/actionpack-3.2.16/lib/action_dispatch/middleware/templates/rescues/_request_and_response.erb (1.4ms)
  Rendered /Users/tomasero/.rvm/gems/ruby-2.2.0/gems/actionpack-3.2.16/lib/action_dispatch/middleware/templates/rescues/diagnostics.erb within rescues/layout (17.5ms)


Started GET "/inventory" for 127.0.0.1 at 2015-03-13 16:33:52 -0700

ArgumentError (A secret is required to generate an integrity hash for cookie session data. Use config.secret_token = "some secret phrase of at least 30 characters"in config/initializers/secret_token.rb):
  actionpack (3.2.16) lib/action_dispatch/middleware/cookies.rb:319:in `ensure_secret_secure'
  actionpack (3.2.16) lib/action_dispatch/middleware/cookies.rb:284:in `initialize'
  actionpack (3.2.16) lib/action_dispatch/middleware/cookies.rb:231:in `new'
  actionpack (3.2.16) lib/action_dispatch/middleware/cookies.rb:231:in `signed'
  actionpack (3.2.16) lib/action_dispatch/middleware/session/cookie_store.rb:50:in `block in unpacked_cookie_data'
  actionpack (3.2.16) lib/action_dispatch/middleware/session/abstract_store.rb:57:in `stale_session_check!'
  actionpack (3.2.16) lib/action_dispatch/middleware/session/cookie_store.rb:48:in `unpacked_cookie_data'
  rack (1.4.5) lib/rack/session/cookie.rb:107:in `extract_session_id'
  actionpack (3.2.16) lib/action_dispatch/middleware/session/abstract_store.rb:53:in `block in extract_session_id'
  actionpack (3.2.16) lib/action_dispatch/middleware/session/abstract_store.rb:57:in `stale_session_check!'
  actionpack (3.2.16) lib/action_dispatch/middleware/session/abstract_store.rb:53:in `extract_session_id'
  rack (1.4.5) lib/rack/session/abstract/id.rb:43:in `load_session_id!'
  rack (1.4.5) lib/rack/session/abstract/id.rb:32:in `[]'
  rack (1.4.5) lib/rack/session/abstract/id.rb:267:in `current_session_id'
  rack (1.4.5) lib/rack/session/abstract/id.rb:273:in `session_exists?'
  rack (1.4.5) lib/rack/session/abstract/id.rb:107:in `exists?'
  rack (1.4.5) lib/rack/session/abstract/id.rb:127:in `load_for_read!'
  rack (1.4.5) lib/rack/session/abstract/id.rb:64:in `has_key?'
  actionpack (3.2.16) lib/action_dispatch/middleware/flash.rb:258:in `ensure in call'
  actionpack (3.2.16) lib/action_dispatch/middleware/flash.rb:259:in `call'
  rack (1.4.5) lib/rack/session/abstract/id.rb:210:in `context'
  rack (1.4.5) lib/rack/session/abstract/id.rb:205:in `call'
  actionpack (3.2.16) lib/action_dispatch/middleware/cookies.rb:341:in `call'
  activerecord (3.2.16) lib/active_record/query_cache.rb:64:in `call'
  activerecord (3.2.16) lib/active_record/connection_adapters/abstract/connection_pool.rb:479:in `call'
  actionpack (3.2.16) lib/action_dispatch/middleware/callbacks.rb:28:in `block in call'
  activesupport (3.2.16) lib/active_support/callbacks.rb:405:in `_run__3058240297111294938__call__4083722654113611716__callbacks'
  activesupport (3.2.16) lib/active_support/callbacks.rb:405:in `__run_callback'
  activesupport (3.2.16) lib/active_support/callbacks.rb:385:in `_run_call_callbacks'
  activesupport (3.2.16) lib/active_support/callbacks.rb:81:in `run_callbacks'
  actionpack (3.2.16) lib/action_dispatch/middleware/callbacks.rb:27:in `call'
  actionpack (3.2.16) lib/action_dispatch/middleware/reloader.rb:65:in `call'
  actionpack (3.2.16) lib/action_dispatch/middleware/remote_ip.rb:31:in `call'
  actionpack (3.2.16) lib/action_dispatch/middleware/debug_exceptions.rb:16:in `call'
  actionpack (3.2.16) lib/action_dispatch/middleware/show_exceptions.rb:56:in `call'
  railties (3.2.16) lib/rails/rack/logger.rb:32:in `call_app'
  railties (3.2.16) lib/rails/rack/logger.rb:16:in `block in call'
  activesupport (3.2.16) lib/active_support/tagged_logging.rb:22:in `tagged'
  railties (3.2.16) lib/rails/rack/logger.rb:16:in `call'
  actionpack (3.2.16) lib/action_dispatch/middleware/request_id.rb:22:in `call'
  rack (1.4.5) lib/rack/methodoverride.rb:21:in `call'
  rack (1.4.5) lib/rack/runtime.rb:17:in `call'
  activesupport (3.2.16) lib/active_support/cache/strategy/local_cache.rb:72:in `call'
  rack (1.4.5) lib/rack/lock.rb:15:in `call'
  actionpack (3.2.16) lib/action_dispatch/middleware/static.rb:63:in `call'
  railties (3.2.16) lib/rails/engine.rb:484:in `call'
  railties (3.2.16) lib/rails/application.rb:231:in `call'
  rack (1.4.5) lib/rack/content_length.rb:14:in `call'
  railties (3.2.16) lib/rails/rack/log_tailer.rb:17:in `call'
  rack (1.4.5) lib/rack/handler/webrick.rb:59:in `service'
  /Users/tomasero/.rvm/rubies/ruby-2.2.0/lib/ruby/2.2.0/webrick/httpserver.rb:138:in `service'
  /Users/tomasero/.rvm/rubies/ruby-2.2.0/lib/ruby/2.2.0/webrick/httpserver.rb:94:in `run'
  /Users/tomasero/.rvm/rubies/ruby-2.2.0/lib/ruby/2.2.0/webrick/server.rb:294:in `block in start_thread'


  Rendered /Users/tomasero/.rvm/gems/ruby-2.2.0/gems/actionpack-3.2.16/lib/action_dispatch/middleware/templates/rescues/_trace.erb (1.0ms)
  Rendered /Users/tomasero/.rvm/gems/ruby-2.2.0/gems/actionpack-3.2.16/lib/action_dispatch/middleware/templates/rescues/_request_and_response.erb (0.8ms)
  Rendered /Users/tomasero/.rvm/gems/ruby-2.2.0/gems/actionpack-3.2.16/lib/action_dispatch/middleware/templates/rescues/diagnostics.erb within rescues/layout (14.9ms)
Connecting to database specified by database.yml
Connecting to database specified by database.yml
